<?xml version="1.0" encoding="UTF-8"?>
<testsuites>
  <testsuite name="fastlane.lanes">
    
    
    
      
      <testcase classname="fastlane.lanes" name="0: default_platform" time="0.001113">
        
      </testcase>
    
      
      <testcase classname="fastlane.lanes" name="1: clean assembleRelease" time="3.993407">
        
          <failure message="/usr/local/Cellar/fastlane/2.194.0/libexec/gems/fastlane-2.194.0/fastlane/lib/fastlane/actions/actions_helper.rb:67:in `execute_action&apos;&#10;/usr/local/Cellar/fastlane/2.194.0/libexec/gems/fastlane-2.194.0/fastlane/lib/fastlane/runner.rb:255:in `block in execute_action&apos;&#10;/usr/local/Cellar/fastlane/2.194.0/libexec/gems/fastlane-2.194.0/fastlane/lib/fastlane/runner.rb:229:in `chdir&apos;&#10;/usr/local/Cellar/fastlane/2.194.0/libexec/gems/fastlane-2.194.0/fastlane/lib/fastlane/runner.rb:229:in `execute_action&apos;&#10;/usr/local/Cellar/fastlane/2.194.0/libexec/gems/fastlane-2.194.0/fastlane/lib/fastlane/runner.rb:157:in `trigger_action_by_name&apos;&#10;/usr/local/Cellar/fastlane/2.194.0/libexec/gems/fastlane-2.194.0/fastlane/lib/fastlane/fast_file.rb:159:in `method_missing&apos;&#10;Fastfile:35:in `block (2 levels) in parsing_binding&apos;&#10;/usr/local/Cellar/fastlane/2.194.0/libexec/gems/fastlane-2.194.0/fastlane/lib/fastlane/lane.rb:33:in `call&apos;&#10;/usr/local/Cellar/fastlane/2.194.0/libexec/gems/fastlane-2.194.0/fastlane/lib/fastlane/runner.rb:49:in `block in execute&apos;&#10;/usr/local/Cellar/fastlane/2.194.0/libexec/gems/fastlane-2.194.0/fastlane/lib/fastlane/runner.rb:45:in `chdir&apos;&#10;/usr/local/Cellar/fastlane/2.194.0/libexec/gems/fastlane-2.194.0/fastlane/lib/fastlane/runner.rb:45:in `execute&apos;&#10;/usr/local/Cellar/fastlane/2.194.0/libexec/gems/fastlane-2.194.0/fastlane/lib/fastlane/lane_manager.rb:47:in `cruise_lane&apos;&#10;/usr/local/Cellar/fastlane/2.194.0/libexec/gems/fastlane-2.194.0/fastlane/lib/fastlane/command_line_handler.rb:36:in `handle&apos;&#10;/usr/local/Cellar/fastlane/2.194.0/libexec/gems/fastlane-2.194.0/fastlane/lib/fastlane/commands_generator.rb:109:in `block (2 levels) in run&apos;&#10;/usr/local/Cellar/fastlane/2.194.0/libexec/gems/commander-4.6.0/lib/commander/command.rb:187:in `call&apos;&#10;/usr/local/Cellar/fastlane/2.194.0/libexec/gems/commander-4.6.0/lib/commander/command.rb:157:in `run&apos;&#10;/usr/local/Cellar/fastlane/2.194.0/libexec/gems/commander-4.6.0/lib/commander/runner.rb:444:in `run_active_command&apos;&#10;/usr/local/Cellar/fastlane/2.194.0/libexec/gems/fastlane-2.194.0/fastlane_core/lib/fastlane_core/ui/fastlane_runner.rb:117:in `run!&apos;&#10;/usr/local/Cellar/fastlane/2.194.0/libexec/gems/commander-4.6.0/lib/commander/delegates.rb:18:in `run!&apos;&#10;/usr/local/Cellar/fastlane/2.194.0/libexec/gems/fastlane-2.194.0/fastlane/lib/fastlane/commands_generator.rb:353:in `run&apos;&#10;/usr/local/Cellar/fastlane/2.194.0/libexec/gems/fastlane-2.194.0/fastlane/lib/fastlane/commands_generator.rb:42:in `start&apos;&#10;/usr/local/Cellar/fastlane/2.194.0/libexec/gems/fastlane-2.194.0/fastlane/lib/fastlane/cli_tools_distributor.rb:122:in `take_off&apos;&#10;/usr/local/Cellar/fastlane/2.194.0/libexec/gems/fastlane-2.194.0/bin/fastlane:23:in `&lt;top (required)&gt;&apos;&#10;/usr/local/Cellar/fastlane/2.194.0/libexec/bin/fastlane:23:in `load&apos;&#10;/usr/local/Cellar/fastlane/2.194.0/libexec/bin/fastlane:23:in `&lt;main&gt;&apos;&#10;&#10;Exit status of command &apos;/Users/vyachin/AndroidStudioProjects/flutter_test_1/android/gradlew clean assembleRelease -p .&apos; was 1 instead of 0.&#10;&gt; Task :clean&#10;&gt; Task :app:clean UP-TO-DATE&#10;&gt; Task :app:compileFlutterBuildRelease&#10;&gt; Task :app:packLibsflutterBuildRelease&#10;&gt; Task :app:preBuild UP-TO-DATE&#10;&gt; Task :app:extractProguardFiles&#10;&gt; Task :app:preReleaseBuild&#10;&gt; Task :app:compileReleaseAidl NO-SOURCE&#10;&gt; Task :app:compileReleaseRenderscript NO-SOURCE&#10;&gt; Task :app:generateReleaseBuildConfig&#10;&gt; Task :app:checkReleaseAarMetadata&#10;&gt; Task :app:cleanMergeReleaseAssets UP-TO-DATE&#10;&gt; Task :app:mergeReleaseShaders&#10;&gt; Task :app:compileReleaseShaders NO-SOURCE&#10;&gt; Task :app:generateReleaseAssets UP-TO-DATE&#10;&gt; Task :app:mergeReleaseAssets&#10;&gt; Task :app:copyFlutterAssetsRelease&#10;&gt; Task :app:generateReleaseResValues&#10;&gt; Task :app:generateReleaseResources&#10;&gt; Task :app:createReleaseCompatibleScreenManifests&#10;&gt; Task :app:extractDeepLinksRelease&#10;&gt; Task :app:processReleaseMainManifest&#10;&gt; Task :app:processReleaseManifest&#10;&gt; Task :app:javaPreCompileRelease&#10;&gt; Task :app:mergeReleaseNativeDebugMetadata NO-SOURCE&#10;&gt; Task :app:mergeReleaseResources&#10;&gt; Task :app:compressReleaseAssets&#10;&gt; Task :app:processReleaseJavaRes NO-SOURCE&#10;&gt; Task :app:checkReleaseDuplicateClasses&#10;&gt; Task :app:collectReleaseDependencies&#10;&gt; Task :app:sdkReleaseDependencyData&#10;&gt; Task :app:mergeReleaseJniLibFolders&#10;&gt; Task :app:validateSigningRelease&#10;&gt; Task :app:processReleaseManifestForPackage&#10;&gt; Task :app:processReleaseResources&#10;&gt; Task :app:compileReleaseKotlin&#10;&gt; Task :app:compileReleaseJavaWithJavac&#10;&gt; Task :app:compileReleaseSources&#10;&gt; Task :app:mergeReleaseNativeLibs&#10;&gt; Task :app:lintVitalRelease FAILED&#10;&#10;FAILURE: Build failed with an exception.&#10;&#10;* What went wrong:&#10;Execution failed for task &apos;:app:lintVitalRelease&apos;.&#10;&gt; Could not resolve all artifacts for configuration &apos;:app:debugRuntimeClasspath&apos;.&#10;   &gt; Failed to transform libs.jar to match attributes {artifactType=processed-jar, org.gradle.libraryelements=jar, org.gradle.usage=java-runtime}.&#10;      &gt; Execution failed for JetifyTransform: /Users/vyachin/AndroidStudioProjects/flutter_test_1/build/app/intermediates/flutter/debug/libs.jar.&#10;         &gt; Transform&apos;s input file does not exist: /Users/vyachin/AndroidStudioProjects/flutter_test_1/build/app/intermediates/flutter/debug/libs.jar. (See https://issuetracker.google.com/issues/158753935)&#10;&#10;* Try:&#10;Run with --stacktrace option to get the stack trace. Run with --info or --debug option to get more log output. Run with --scan to get full insights.&#10;&#10;* Get more help at https://help.gradle.org&#10;&#10;Deprecated Gradle features were used in this build, making it incompatible with Gradle 7.0.&#10;Use &apos;--warning-mode all&apos; to show the individual deprecation warnings.&#10;See https://docs.gradle.org/6.7/userguide/command_line_interface.html#sec:command_line_warnings&#10;&#10;BUILD FAILED in 3s&#10;30 actionable tasks: 28 executed, 2 up-to-date&#10;" />
        
      </testcase>
    
  </testsuite>
</testsuites>
